{"uuid":"3dc07ad3-65d1-4b34-9b8d-3144900d2468","historyId":"da88558b1c2cc75446573123d9e53dc5","fullName":"qaautomation.maret2023.APITestAfterRefactor.dashboardAPIUsingScehmaInCode","labels":[{"name":"package","value":"qaautomation.maret2023.APITestAfterRefactor"},{"name":"testClass","value":"qaautomation.maret2023.APITestAfterRefactor"},{"name":"testMethod","value":"dashboardAPIUsingScehmaInCode"},{"name":"parentSuite","value":"Default suite"},{"name":"suite","value":"Default test"},{"name":"subSuite","value":"qaautomation.maret2023.APITestAfterRefactor"},{"name":"host","value":"IlhamTM"},{"name":"thread","value":"3448@IlhamTM.main(1)"}],"links":[],"name":"dashboardAPIUsingScehmaInCode","status":"broken","statusDetails":{"known":false,"muted":false,"flaky":false,"message":"com.github.fge.jsonschema.core.exceptions.InvalidSchemaException: fatal: invalid JSON Schema, cannot continue\nSyntax errors:\n[ {\r\n  \"level\" : \"error\",\r\n  \"message\" : \"\\\"integerss\\\" is not a valid primitive type (valid values are: [array, boolean, integer, null, number, object, string])\",\r\n  \"domain\" : \"syntax\",\r\n  \"schema\" : {\r\n    \"loadingURI\" : \"#\",\r\n    \"pointer\" : \"/properties/build_card_count/properties/project_completed\"\r\n  },\r\n  \"keyword\" : \"type\",\r\n  \"found\" : \"integerss\",\r\n  \"valid\" : [ \"array\", \"boolean\", \"integer\", \"null\", \"number\", \"object\", \"string\" ]\r\n} ]\n    level: \"fatal\"\n","trace":"io.restassured.module.jsv.JsonSchemaValidationException: com.github.fge.jsonschema.core.exceptions.InvalidSchemaException: fatal: invalid JSON Schema, cannot continue\nSyntax errors:\n[ {\r\n  \"level\" : \"error\",\r\n  \"message\" : \"\\\"integerss\\\" is not a valid primitive type (valid values are: [array, boolean, integer, null, number, object, string])\",\r\n  \"domain\" : \"syntax\",\r\n  \"schema\" : {\r\n    \"loadingURI\" : \"#\",\r\n    \"pointer\" : \"/properties/build_card_count/properties/project_completed\"\r\n  },\r\n  \"keyword\" : \"type\",\r\n  \"found\" : \"integerss\",\r\n  \"valid\" : [ \"array\", \"boolean\", \"integer\", \"null\", \"number\", \"object\", \"string\" ]\r\n} ]\n    level: \"fatal\"\n\r\n\tat io.restassured.module.jsv.JsonSchemaValidator.matchesSafely(JsonSchemaValidator.java:233)\r\n\tat io.restassured.module.jsv.JsonSchemaValidator.matchesSafely(JsonSchemaValidator.java:75)\r\n\tat org.hamcrest.TypeSafeMatcher.matches(TypeSafeMatcher.java:67)\r\n\tat org.hamcrest.Matcher$matches.call(Unknown Source)\r\n\tat org.codehaus.groovy.runtime.callsite.CallSiteArray.defaultCall(CallSiteArray.java:47)\r\n\tat org.codehaus.groovy.runtime.callsite.AbstractCallSite.call(AbstractCallSite.java:125)\r\n\tat org.codehaus.groovy.runtime.callsite.AbstractCallSite.call(AbstractCallSite.java:139)\r\n\tat io.restassured.assertion.BodyMatcher.validate(BodyMatcher.groovy:76)\r\n\tat io.restassured.assertion.BodyMatcher$validate$0.call(Unknown Source)\r\n\tat org.codehaus.groovy.runtime.callsite.CallSiteArray.defaultCall(CallSiteArray.java:47)\r\n\tat org.codehaus.groovy.runtime.callsite.AbstractCallSite.call(AbstractCallSite.java:125)\r\n\tat org.codehaus.groovy.runtime.callsite.AbstractCallSite.call(AbstractCallSite.java:157)\r\n\tat io.restassured.assertion.BodyMatcherGroup$_validate_closure2.doCall(BodyMatcherGroup.groovy:47)\r\n\tat java.base/jdk.internal.reflect.NativeMethodAccessorImpl.invoke0(Native Method)\r\n\tat java.base/jdk.internal.reflect.NativeMethodAccessorImpl.invoke(NativeMethodAccessorImpl.java:77)\r\n\tat java.base/jdk.internal.reflect.DelegatingMethodAccessorImpl.invoke(DelegatingMethodAccessorImpl.java:43)\r\n\tat java.base/java.lang.reflect.Method.invoke(Method.java:568)\r\n\tat org.codehaus.groovy.reflection.CachedMethod.invoke(CachedMethod.java:107)\r\n\tat groovy.lang.MetaMethod.doMethodInvoke(MetaMethod.java:323)\r\n\tat org.codehaus.groovy.runtime.metaclass.ClosureMetaClass.invokeMethod(ClosureMetaClass.java:263)\r\n\tat groovy.lang.MetaClassImpl.invokeMethod(MetaClassImpl.java:1035)\r\n\tat groovy.lang.Closure.call(Closure.java:412)\r\n\tat groovy.lang.Closure.call(Closure.java:428)\r\n\tat org.codehaus.groovy.runtime.DefaultGroovyMethods.collect(DefaultGroovyMethods.java:3575)\r\n\tat org.codehaus.groovy.runtime.DefaultGroovyMethods.collect(DefaultGroovyMethods.java:3560)\r\n\tat org.codehaus.groovy.runtime.DefaultGroovyMethods.collect(DefaultGroovyMethods.java:3660)\r\n\tat org.codehaus.groovy.runtime.dgm$101.invoke(Unknown Source)\r\n\tat org.codehaus.groovy.runtime.callsite.PojoMetaMethodSite$PojoMetaMethodSiteNoUnwrapNoCoerce.invoke(PojoMetaMethodSite.java:247)\r\n\tat org.codehaus.groovy.runtime.callsite.PojoMetaMethodSite.call(PojoMetaMethodSite.java:56)\r\n\tat org.codehaus.groovy.runtime.callsite.CallSiteArray.defaultCall(CallSiteArray.java:47)\r\n\tat org.codehaus.groovy.runtime.callsite.AbstractCallSite.call(AbstractCallSite.java:125)\r\n\tat org.codehaus.groovy.runtime.callsite.AbstractCallSite.call(AbstractCallSite.java:139)\r\n\tat io.restassured.assertion.BodyMatcherGroup.validate(BodyMatcherGroup.groovy:47)\r\n\tat io.restassured.assertion.BodyMatcherGroup$validate$3.call(Unknown Source)\r\n\tat org.codehaus.groovy.runtime.callsite.CallSiteArray.defaultCall(CallSiteArray.java:47)\r\n\tat org.codehaus.groovy.runtime.callsite.AbstractCallSite.call(AbstractCallSite.java:125)\r\n\tat org.codehaus.groovy.runtime.callsite.AbstractCallSite.call(AbstractCallSite.java:157)\r\n\tat io.restassured.internal.ResponseSpecificationImpl$HamcrestAssertionClosure.validate(ResponseSpecificationImpl.groovy:480)\r\n\tat io.restassured.internal.ResponseSpecificationImpl$HamcrestAssertionClosure$validate$1.call(Unknown Source)\r\n\tat org.codehaus.groovy.runtime.callsite.CallSiteArray.defaultCall(CallSiteArray.java:47)\r\n\tat org.codehaus.groovy.runtime.callsite.AbstractCallSite.call(AbstractCallSite.java:125)\r\n\tat org.codehaus.groovy.runtime.callsite.AbstractCallSite.call(AbstractCallSite.java:139)\r\n\tat io.restassured.internal.ResponseSpecificationImpl.validateResponseIfRequired(ResponseSpecificationImpl.groovy:674)\r\n\tat java.base/jdk.internal.reflect.NativeMethodAccessorImpl.invoke0(Native Method)\r\n\tat java.base/jdk.internal.reflect.NativeMethodAccessorImpl.invoke(NativeMethodAccessorImpl.java:77)\r\n\tat java.base/jdk.internal.reflect.DelegatingMethodAccessorImpl.invoke(DelegatingMethodAccessorImpl.java:43)\r\n\tat java.base/java.lang.reflect.Method.invoke(Method.java:568)\r\n\tat org.codehaus.groovy.runtime.callsite.PlainObjectMetaMethodSite.doInvoke(PlainObjectMetaMethodSite.java:43)\r\n\tat org.codehaus.groovy.runtime.callsite.PogoMetaMethodSite$PogoCachedMethodSiteNoUnwrapNoCoerce.invoke(PogoMetaMethodSite.java:193)\r\n\tat org.codehaus.groovy.runtime.callsite.PogoMetaMethodSite.callCurrent(PogoMetaMethodSite.java:61)\r\n\tat org.codehaus.groovy.runtime.callsite.CallSiteArray.defaultCallCurrent(CallSiteArray.java:51)\r\n\tat org.codehaus.groovy.runtime.callsite.AbstractCallSite.callCurrent(AbstractCallSite.java:171)\r\n\tat org.codehaus.groovy.runtime.callsite.AbstractCallSite.callCurrent(AbstractCallSite.java:185)\r\n\tat io.restassured.internal.ResponseSpecificationImpl.body(ResponseSpecificationImpl.groovy:98)\r\n\tat io.restassured.internal.ValidatableResponseOptionsImpl.body(ValidatableResponseOptionsImpl.java:238)\r\n\tat io.restassured.internal.ValidatableResponseImpl.super$2$body(ValidatableResponseImpl.groovy)\r\n\tat java.base/jdk.internal.reflect.NativeMethodAccessorImpl.invoke0(Native Method)\r\n\tat java.base/jdk.internal.reflect.NativeMethodAccessorImpl.invoke(NativeMethodAccessorImpl.java:77)\r\n\tat java.base/jdk.internal.reflect.DelegatingMethodAccessorImpl.invoke(DelegatingMethodAccessorImpl.java:43)\r\n\tat java.base/java.lang.reflect.Method.invoke(Method.java:568)\r\n\tat org.codehaus.groovy.reflection.CachedMethod.invoke(CachedMethod.java:107)\r\n\tat groovy.lang.MetaMethod.doMethodInvoke(MetaMethod.java:323)\r\n\tat groovy.lang.MetaClassImpl.invokeMethod(MetaClassImpl.java:1268)\r\n\tat org.codehaus.groovy.runtime.ScriptBytecodeAdapter.invokeMethodOnSuperN(ScriptBytecodeAdapter.java:144)\r\n\tat io.restassured.internal.ValidatableResponseImpl.body(ValidatableResponseImpl.groovy:293)\r\n\tat io.restassured.internal.ValidatableResponseImpl.body(ValidatableResponseImpl.groovy)\r\n\tat qaautomation.maret2023.APITestAfterRefactor.dashboardAPIUsingScehmaInCode(APITestAfterRefactor.java:40)\r\n\tat java.base/jdk.internal.reflect.NativeMethodAccessorImpl.invoke0(Native Method)\r\n\tat java.base/jdk.internal.reflect.NativeMethodAccessorImpl.invoke(NativeMethodAccessorImpl.java:77)\r\n\tat java.base/jdk.internal.reflect.DelegatingMethodAccessorImpl.invoke(DelegatingMethodAccessorImpl.java:43)\r\n\tat java.base/java.lang.reflect.Method.invoke(Method.java:568)\r\n\tat org.testng.internal.MethodInvocationHelper.invokeMethod(MethodInvocationHelper.java:133)\r\n\tat org.testng.internal.TestInvoker.invokeMethod(TestInvoker.java:598)\r\n\tat org.testng.internal.TestInvoker.invokeTestMethod(TestInvoker.java:173)\r\n\tat org.testng.internal.MethodRunner.runInSequence(MethodRunner.java:46)\r\n\tat org.testng.internal.TestInvoker$MethodInvocationAgent.invoke(TestInvoker.java:824)\r\n\tat org.testng.internal.TestInvoker.invokeTestMethods(TestInvoker.java:146)\r\n\tat org.testng.internal.TestMethodWorker.invokeTestMethods(TestMethodWorker.java:146)\r\n\tat org.testng.internal.TestMethodWorker.run(TestMethodWorker.java:128)\r\n\tat java.base/java.util.ArrayList.forEach(ArrayList.java:1511)\r\n\tat org.testng.TestRunner.privateRun(TestRunner.java:794)\r\n\tat org.testng.TestRunner.run(TestRunner.java:596)\r\n\tat org.testng.SuiteRunner.runTest(SuiteRunner.java:377)\r\n\tat org.testng.SuiteRunner.runSequentially(SuiteRunner.java:371)\r\n\tat org.testng.SuiteRunner.privateRun(SuiteRunner.java:332)\r\n\tat org.testng.SuiteRunner.run(SuiteRunner.java:276)\r\n\tat org.testng.SuiteRunnerWorker.runSuite(SuiteRunnerWorker.java:53)\r\n\tat org.testng.SuiteRunnerWorker.run(SuiteRunnerWorker.java:96)\r\n\tat org.testng.TestNG.runSuitesSequentially(TestNG.java:1212)\r\n\tat org.testng.TestNG.runSuitesLocally(TestNG.java:1134)\r\n\tat org.testng.TestNG.runSuites(TestNG.java:1063)\r\n\tat org.testng.TestNG.run(TestNG.java:1031)\r\n\tat org.testng.remote.AbstractRemoteTestNG.run(AbstractRemoteTestNG.java:115)\r\n\tat org.testng.remote.RemoteTestNG.initAndRun(RemoteTestNG.java:251)\r\n\tat org.testng.remote.RemoteTestNG.main(RemoteTestNG.java:77)\r\nCaused by: com.github.fge.jsonschema.core.exceptions.InvalidSchemaException: fatal: invalid JSON Schema, cannot continue\nSyntax errors:\n[ {\r\n  \"level\" : \"error\",\r\n  \"message\" : \"\\\"integerss\\\" is not a valid primitive type (valid values are: [array, boolean, integer, null, number, object, string])\",\r\n  \"domain\" : \"syntax\",\r\n  \"schema\" : {\r\n    \"loadingURI\" : \"#\",\r\n    \"pointer\" : \"/properties/build_card_count/properties/project_completed\"\r\n  },\r\n  \"keyword\" : \"type\",\r\n  \"found\" : \"integerss\",\r\n  \"valid\" : [ \"array\", \"boolean\", \"integer\", \"null\", \"number\", \"object\", \"string\" ]\r\n} ]\n    level: \"fatal\"\n\r\n\tat com.github.fge.jsonschema.processors.validation.InstanceValidator.process(InstanceValidator.java:114)\r\n\tat com.github.fge.jsonschema.processors.validation.ValidationProcessor.process(ValidationProcessor.java:56)\r\n\tat com.github.fge.jsonschema.processors.validation.ValidationProcessor.process(ValidationProcessor.java:34)\r\n\tat com.github.fge.jsonschema.core.processing.ProcessingResult.of(ProcessingResult.java:79)\r\n\tat com.github.fge.jsonschema.main.JsonSchemaImpl.doValidate(JsonSchemaImpl.java:77)\r\n\tat com.github.fge.jsonschema.main.JsonSchemaImpl.validate(JsonSchemaImpl.java:100)\r\n\tat com.github.fge.jsonschema.main.JsonSchemaImpl.validate(JsonSchemaImpl.java:110)\r\n\tat io.restassured.module.jsv.JsonSchemaValidator.matchesSafely(JsonSchemaValidator.java:227)\r\n\t... 94 more\r\n"},"stage":"finished","start":1679113665310,"stop":1679113667286,"parameters":[]}